TN:
SF:src\components\layout\Breadcrumb.jsx
FN:40,toLabel
FN:41,(anonymous_1)
FN:50,Breadcrumb
FN:56,(anonymous_3)
FN:75,(anonymous_4)
FNF:5
FNH:2
FNDA:0,toLabel
FNDA:0,(anonymous_1)
FNDA:107,Breadcrumb
FNDA:0,(anonymous_3)
FNDA:321,(anonymous_4)
DA:6,2
DA:41,0
DA:51,107
DA:53,107
DA:56,0
DA:61,107
DA:76,321
DA:77,321
LF:8
LH:6
BRDA:41,0,0,0
BRDA:41,0,1,0
BRDA:53,1,0,107
BRDA:53,1,1,0
BRDA:58,2,0,0
BRDA:58,2,1,0
BRDA:80,3,0,107
BRDA:80,3,1,214
BRDA:80,4,0,321
BRDA:80,4,1,214
BRDA:82,5,0,107
BRDA:82,5,1,0
BRDA:85,6,0,107
BRDA:85,6,1,0
BRF:14
BRH:7
end_of_record
TN:
SF:src\components\shared\AdPreviewModal.jsx
FN:26,fmtDate
FN:31,MetaRow
FN:43,AdPreviewModal
FN:56,(anonymous_3)
FN:207,(anonymous_4)
FN:217,(anonymous_5)
FNF:6
FNH:0
FNDA:0,fmtDate
FNDA:0,MetaRow
FNDA:0,AdPreviewModal
FNDA:0,(anonymous_3)
FNDA:0,(anonymous_4)
FNDA:0,(anonymous_5)
DA:27,0
DA:28,0
DA:32,0
DA:51,0
DA:53,0
DA:55,0
DA:56,0
DA:207,0
DA:217,0
LF:9
LH:0
BRDA:27,0,0,0
BRDA:27,0,1,0
BRDA:35,1,0,0
BRDA:35,1,1,0
BRDA:51,2,0,0
BRDA:51,2,1,0
BRDA:53,3,0,0
BRDA:53,3,1,0
BRDA:56,4,0,0
BRDA:56,4,1,0
BRDA:73,5,0,0
BRDA:73,5,1,0
BRDA:75,6,0,0
BRDA:75,6,1,0
BRDA:77,7,0,0
BRDA:77,7,1,0
BRDA:95,8,0,0
BRDA:95,8,1,0
BRDA:95,9,0,0
BRDA:95,9,1,0
BRDA:98,10,0,0
BRDA:98,10,1,0
BRDA:99,11,0,0
BRDA:99,11,1,0
BRDA:102,12,0,0
BRDA:102,12,1,0
BRDA:122,13,0,0
BRDA:122,13,1,0
BRDA:129,14,0,0
BRDA:129,14,1,0
BRDA:136,15,0,0
BRDA:136,15,1,0
BRDA:145,16,0,0
BRDA:145,16,1,0
BRDA:160,17,0,0
BRDA:160,17,1,0
BRDA:160,17,2,0
BRDA:162,18,0,0
BRDA:162,18,1,0
BRDA:167,19,0,0
BRDA:167,19,1,0
BRDA:176,20,0,0
BRDA:176,20,1,0
BRDA:183,21,0,0
BRDA:183,21,1,0
BRDA:195,22,0,0
BRDA:195,22,1,0
BRDA:196,23,0,0
BRDA:196,23,1,0
BRDA:202,24,0,0
BRDA:202,24,1,0
BRDA:212,25,0,0
BRDA:212,25,1,0
BRF:53
BRH:0
end_of_record
TN:
SF:src\components\shared\AdThumbnail.jsx
FN:28,Placeholder
FN:44,AdThumbnail
FN:61,(anonymous_2)
FN:83,(anonymous_3)
FN:104,(anonymous_4)
FN:151,(anonymous_5)
FNF:6
FNH:3
FNDA:2,Placeholder
FNDA:9,AdThumbnail
FNDA:0,(anonymous_2)
FNDA:0,(anonymous_3)
FNDA:1,(anonymous_4)
FNDA:0,(anonymous_5)
DA:20,1
DA:29,2
DA:30,2
DA:31,2
DA:54,9
DA:55,9
DA:57,9
DA:58,9
DA:59,9
DA:61,9
DA:62,9
DA:64,9
DA:65,2
DA:83,0
DA:91,6
DA:104,1
DA:132,9
DA:151,0
LF:18
LH:16
BRDA:29,0,0,2
BRDA:29,0,1,0
BRDA:30,1,0,0
BRDA:30,1,1,2
BRDA:46,2,0,9
BRDA:47,3,0,9
BRDA:48,4,0,9
BRDA:49,5,0,9
BRDA:57,6,0,9
BRDA:57,6,1,0
BRDA:59,7,0,9
BRDA:59,7,1,0
BRDA:61,8,0,9
BRDA:61,8,1,6
BRDA:61,9,0,0
BRDA:61,9,1,6
BRDA:64,10,0,2
BRDA:64,10,1,7
BRDA:64,11,0,9
BRDA:64,11,1,6
BRDA:67,12,0,0
BRDA:67,12,1,2
BRDA:79,13,0,2
BRDA:79,13,1,0
BRDA:95,14,0,6
BRDA:95,14,1,2
BRDA:96,15,0,9
BRDA:96,15,1,2
BRDA:109,16,0,9
BRDA:109,16,1,1
BRDA:109,16,2,1
BRDA:113,17,0,0
BRDA:113,17,1,1
BRDA:126,18,0,9
BRDA:126,18,1,5
BRDA:126,18,2,2
BRDA:134,19,0,2
BRDA:134,19,1,4
BRDA:147,20,0,9
BRDA:147,20,1,0
BRF:40
BRH:31
end_of_record
TN:
SF:src\components\shared\AngleBadge.jsx
FN:20,AngleBadge
FNF:1
FNH:0
FNDA:0,AngleBadge
DA:12,1
DA:14,1
DA:21,0
LF:3
LH:2
BRDA:20,0,0,0
BRDA:25,1,0,0
BRDA:25,1,1,0
BRDA:26,2,0,0
BRDA:26,2,1,0
BRDA:30,3,0,0
BRDA:30,3,1,0
BRF:7
BRH:0
end_of_record
TN:
SF:src\components\shared\ConfidenceBadge.jsx
FN:16,ConfidenceBadge
FNF:1
FNH:1
FNDA:12,ConfidenceBadge
DA:23,12
DA:24,12
DA:26,12
DA:32,12
LF:4
LH:4
BRDA:19,0,0,12
BRDA:20,1,0,12
BRDA:23,2,0,12
BRDA:23,2,1,11
BRDA:23,3,0,11
BRDA:23,3,1,0
BRDA:35,4,0,11
BRDA:35,4,1,1
BRDA:38,5,0,12
BRDA:38,5,1,0
BRDA:44,6,0,12
BRDA:44,6,1,11
BRDA:44,6,2,10
BRF:13
BRH:11
end_of_record
TN:
SF:src\components\shared\FilterBar.jsx
FN:23,hasActiveFilters
FN:25,(anonymous_1)
FN:32,FilterBar
FN:75,(anonymous_3)
FN:75,(anonymous_4)
FNF:5
FNH:5
FNDA:8,hasActiveFilters
FNDA:3,(anonymous_1)
FNDA:11,FilterBar
FNDA:1,(anonymous_3)
FNDA:1,(anonymous_4)
DA:24,8
DA:25,2
DA:26,3
DA:27,1
DA:28,1
DA:42,11
DA:43,11
DA:44,11
DA:45,11
DA:46,11
DA:47,11
DA:49,11
DA:75,1
LF:13
LH:13
BRDA:24,0,0,6
BRDA:24,0,1,2
BRDA:26,1,0,2
BRDA:26,1,1,1
BRDA:26,2,0,3
BRDA:26,2,1,3
BRDA:26,2,2,3
BRDA:27,3,0,0
BRDA:27,3,1,1
BRDA:37,4,0,11
BRDA:38,5,0,11
BRDA:39,6,0,11
BRDA:43,7,0,11
BRDA:43,7,1,8
BRDA:45,8,0,8
BRDA:45,8,1,3
BRDA:46,9,0,8
BRDA:46,9,1,3
BRDA:53,10,0,11
BRDA:53,10,1,0
BRDA:60,11,0,11
BRDA:60,11,1,1
BRDA:70,12,0,11
BRDA:70,12,1,3
BRDA:79,13,0,1
BRDA:79,13,1,2
BRDA:85,14,0,1
BRDA:85,14,1,2
BRDA:90,15,0,11
BRDA:90,15,1,3
BRDA:95,16,0,11
BRDA:95,16,1,3
BRDA:95,16,2,3
BRDA:108,17,0,11
BRDA:108,17,1,3
BRDA:108,17,2,1
BRF:36
BRH:34
end_of_record
TN:
SF:src\components\shared\HookTypeBadge.jsx
FN:20,HookTypeBadge
FNF:1
FNH:0
FNDA:0,HookTypeBadge
DA:12,1
DA:14,1
DA:21,0
LF:3
LH:2
BRDA:20,0,0,0
BRDA:25,1,0,0
BRDA:25,1,1,0
BRDA:26,2,0,0
BRDA:26,2,1,0
BRDA:30,3,0,0
BRDA:30,3,1,0
BRF:7
BRH:0
end_of_record
TN:
SF:src\components\shared\PlatformIcon.jsx
FN:14,FacebookSVG
FN:27,InstagramSVG
FN:45,TikTokSVG
FN:57,YouTubeSVG
FN:73,PlatformIcon
FNF:5
FNH:0
FNDA:0,FacebookSVG
FNDA:0,InstagramSVG
FNDA:0,TikTokSVG
FNDA:0,YouTubeSVG
FNDA:0,PlatformIcon
DA:15,0
DA:16,0
DA:28,0
DA:46,0
DA:58,0
DA:66,1
DA:79,0
DA:81,0
LF:8
LH:1
BRDA:75,0,0,0
BRDA:76,1,0,0
BRDA:83,2,0,0
BRDA:83,2,1,0
BRDA:93,3,0,0
BRDA:93,3,1,0
BRDA:94,4,0,0
BRDA:94,4,1,0
BRF:8
BRH:0
end_of_record
TN:
SF:src\components\ui\Badge.jsx
FN:25,Badge
FNF:1
FNH:1
FNDA:49,Badge
DA:4,2
DA:17,2
DA:19,2
DA:33,49
DA:34,49
DA:36,49
LF:6
LH:6
BRDA:27,0,0,49
BRDA:28,1,0,49
BRDA:29,2,0,49
BRDA:33,3,0,49
BRDA:33,3,1,0
BRDA:34,4,0,49
BRDA:34,4,1,0
BRDA:40,5,0,49
BRDA:40,5,1,0
BRF:9
BRH:6
end_of_record
TN:
SF:src\components\ui\Button.jsx
FN:22,Button
FNF:1
FNH:1
FNDA:309,Button
DA:5,6
DA:15,6
DA:22,6
DA:42,309
DA:44,309
DA:55,309
DA:61,309
DA:74,309
DA:75,10
DA:81,299
DA:82,1
DA:89,298
LF:12
LH:12
BRDA:25,0,0,309
BRDA:26,1,0,309
BRDA:30,2,0,309
BRDA:31,3,0,309
BRDA:32,4,0,309
BRDA:33,5,0,309
BRDA:42,6,0,309
BRDA:42,6,1,309
BRDA:42,7,0,80
BRDA:42,7,1,229
BRDA:42,8,0,309
BRDA:42,8,1,309
BRDA:48,9,0,309
BRDA:48,9,1,0
BRDA:49,10,0,309
BRDA:49,10,1,0
BRDA:50,11,0,309
BRDA:50,11,1,1
BRDA:61,12,0,8
BRDA:61,12,1,301
BRDA:64,13,0,8
BRDA:64,13,1,8
BRDA:68,14,0,301
BRDA:68,14,1,192
BRDA:70,15,0,301
BRDA:70,15,1,0
BRDA:74,16,0,10
BRDA:74,16,1,299
BRDA:81,17,0,1
BRDA:81,17,1,298
BRDA:93,18,0,298
BRDA:93,18,1,276
BRDA:95,19,0,309
BRDA:95,19,1,290
BRF:34
BRH:31
end_of_record
TN:
SF:src\components\ui\Card.jsx
FN:11,Card
FNF:1
FNH:1
FNDA:7,Card
DA:4,1
DA:11,1
DA:25,7
DA:26,7
DA:28,7
LF:5
LH:5
BRDA:16,0,0,7
BRDA:17,1,0,7
BRDA:25,2,0,0
BRDA:25,2,1,7
BRDA:25,3,0,7
BRDA:25,3,1,0
BRDA:26,4,0,7
BRDA:26,4,1,3
BRDA:26,4,2,3
BRDA:33,5,0,7
BRDA:33,5,1,6
BRDA:38,6,0,7
BRDA:38,6,1,4
BRDA:43,7,0,4
BRDA:43,7,1,0
BRDA:43,8,0,0
BRDA:43,8,1,4
BRDA:47,9,0,4
BRDA:47,9,1,4
BRDA:50,10,0,4
BRDA:50,10,1,1
BRDA:54,11,0,4
BRDA:54,11,1,1
BRF:23
BRH:19
end_of_record
TN:
SF:src\components\ui\ConfidenceBadge.jsx
FN:4,ConfidenceBadge
FNF:1
FNH:1
FNDA:90,ConfidenceBadge
DA:5,90
DA:6,90
LF:2
LH:2
BRDA:5,0,0,90
BRDA:5,0,1,90
BRDA:5,1,0,90
BRDA:5,1,1,90
BRDA:14,2,0,90
BRDA:14,2,1,0
BRF:6
BRH:5
end_of_record
TN:
SF:src\components\ui\ConfirmDialog.jsx
FN:23,ConfirmDialog
FN:91,(anonymous_1)
FNF:2
FNH:1
FNDA:42,ConfirmDialog
FNDA:0,(anonymous_1)
DA:6,1
DA:35,42
DA:36,42
DA:38,42
DA:91,0
LF:5
LH:4
BRDA:26,0,0,42
BRDA:28,1,0,42
BRDA:29,2,0,42
BRDA:30,3,0,42
BRDA:31,4,0,42
BRDA:35,5,0,42
BRDA:35,5,1,0
BRDA:50,6,0,42
BRDA:50,6,1,0
BRDA:63,7,0,42
BRDA:63,7,1,42
BRF:11
BRH:9
end_of_record
TN:
SF:src\components\ui\EmptyState.jsx
FN:5,EmptyState
FNF:1
FNH:1
FNDA:1,EmptyState
DA:15,1
LF:1
LH:1
BRDA:6,0,0,1
BRDA:7,1,0,1
BRDA:29,2,0,1
BRDA:29,2,1,1
BRDA:34,3,0,1
BRDA:34,3,1,1
BRDA:34,3,2,0
BRDA:34,3,3,0
BRDA:36,4,0,0
BRDA:36,4,1,0
BRF:10
BRH:6
end_of_record
TN:
SF:src\components\ui\Input.jsx
FN:4,Input
FNF:1
FNH:1
FNDA:12,Input
DA:4,1
DA:20,12
DA:21,12
DA:23,12
DA:24,12
DA:26,12
LF:6
LH:6
BRDA:21,0,0,12
BRDA:21,0,1,11
BRDA:23,1,0,12
BRDA:23,1,1,12
BRDA:24,2,0,12
BRDA:24,2,1,12
BRDA:28,3,0,12
BRDA:28,3,1,12
BRDA:39,4,0,12
BRDA:39,4,1,1
BRDA:46,5,0,12
BRDA:46,5,1,0
BRDA:46,5,2,0
BRDA:57,6,0,4
BRDA:57,6,1,8
BRDA:57,7,0,1
BRDA:57,7,1,7
BRDA:64,8,0,1
BRDA:64,8,1,11
BRDA:64,9,0,0
BRDA:64,9,1,11
BRDA:65,10,0,0
BRDA:65,10,1,12
BRDA:65,11,0,12
BRDA:65,11,1,1
BRDA:66,12,0,0
BRDA:66,12,1,12
BRDA:66,13,0,12
BRDA:66,13,1,0
BRDA:67,14,0,12
BRDA:67,14,1,4
BRDA:73,15,0,12
BRDA:73,15,1,0
BRDA:73,15,2,0
BRDA:80,16,0,12
BRDA:80,16,1,0
BRDA:87,17,0,12
BRDA:87,17,1,4
BRDA:92,18,0,12
BRDA:92,18,1,2
BRDA:92,18,2,1
BRF:41
BRH:32
end_of_record
TN:
SF:src\components\ui\KPICard.jsx
FN:5,KPICard
FNF:1
FNH:1
FNDA:92,KPICard
DA:17,92
DA:45,92
DA:51,92
DA:52,1
DA:58,91
LF:5
LH:5
BRDA:21,0,0,91
BRDA:21,0,1,1
BRDA:21,1,0,1
BRDA:21,1,1,1
BRDA:23,2,0,2
BRDA:23,2,1,90
BRDA:27,3,0,1
BRDA:27,3,1,1
BRDA:30,4,0,1
BRDA:30,4,1,1
BRDA:32,5,0,1
BRDA:32,5,1,1
BRDA:35,6,0,1
BRDA:35,6,1,89
BRDA:48,7,0,92
BRDA:48,7,1,1
BRDA:51,8,0,1
BRDA:51,8,1,91
BRF:18
BRH:18
end_of_record
TN:
SF:src\components\ui\Modal.jsx
FN:22,Modal
FN:92,ModalBody
FN:96,ModalFooter
FNF:3
FNH:2
FNDA:6,Modal
FNDA:2,ModalBody
FNDA:0,ModalFooter
DA:5,1
DA:33,6
DA:92,1
DA:93,2
DA:96,1
DA:97,0
DA:105,1
LF:7
LH:6
BRDA:27,0,0,6
BRDA:49,1,0,6
BRDA:49,1,1,0
BRDA:54,2,0,6
BRDA:54,2,1,0
BRDA:54,2,2,6
BRDA:56,3,0,6
BRDA:56,3,1,6
BRDA:61,4,0,6
BRDA:61,4,1,1
BRDA:81,5,0,6
BRDA:81,5,1,1
BRF:12
BRH:10
end_of_record
TN:
SF:src\components\ui\PageHeader.jsx
FN:1,PageHeader
FNF:1
FNH:1
FNDA:118,PageHeader
DA:2,118
LF:1
LH:1
BRDA:6,0,0,118
BRDA:6,0,1,118
BRDA:10,1,0,118
BRDA:10,1,1,118
BRF:4
BRH:4
end_of_record
TN:
SF:src\components\ui\Pagination.jsx
FN:16,Pagination
FN:32,buildPages
FN:33,(anonymous_2)
FN:63,(anonymous_3)
FN:67,(anonymous_4)
FN:81,(anonymous_5)
FN:88,(anonymous_6)
FN:97,(anonymous_7)
FN:107,(anonymous_8)
FN:118,PageBtn
FNF:10
FNH:10
FNDA:24,Pagination
FNDA:24,buildPages
FNDA:44,(anonymous_2)
FNDA:2,(anonymous_3)
FNDA:96,(anonymous_4)
FNDA:2,(anonymous_5)
FNDA:96,(anonymous_6)
FNDA:3,(anonymous_7)
FNDA:3,(anonymous_8)
FNDA:132,PageBtn
DA:4,2
DA:25,24
DA:26,24
DA:28,24
DA:29,24
DA:33,44
DA:34,12
DA:35,12
DA:36,12
DA:37,12
DA:39,12
DA:40,160
DA:41,40
DA:42,120
DA:43,12
DA:46,12
DA:49,24
DA:51,24
DA:63,2
DA:68,96
DA:81,2
DA:89,96
DA:97,3
DA:107,3
DA:119,132
LF:25
LH:25
BRDA:22,0,0,24
BRDA:33,1,0,12
BRDA:33,1,1,12
BRDA:40,2,0,40
BRDA:40,2,1,120
BRDA:40,3,0,160
BRDA:40,3,1,148
BRDA:40,3,2,136
BRDA:40,3,3,136
BRDA:42,4,0,12
BRDA:42,4,1,108
BRDA:75,5,0,1
BRDA:75,5,1,23
BRDA:89,6,0,12
BRDA:89,6,1,84
BRDA:99,7,0,24
BRDA:99,7,1,60
BRDA:128,8,0,24
BRDA:128,8,1,108
BRF:19
BRH:19
end_of_record
TN:
SF:src\components\ui\Select.jsx
FN:15,Select
FN:37,(anonymous_1)
FN:38,(anonymous_2)
FN:42,(anonymous_3)
FN:44,(anonymous_4)
FN:51,(anonymous_5)
FN:53,(anonymous_6)
FN:55,(anonymous_7)
FN:58,(anonymous_8)
FN:68,(anonymous_9)
FN:70,(anonymous_10)
FN:73,(anonymous_11)
FN:93,(anonymous_12)
FN:95,(anonymous_13)
FN:120,(anonymous_14)
FN:129,(anonymous_15)
FN:184,(anonymous_16)
FN:199,(anonymous_17)
FN:208,(anonymous_18)
FNF:19
FNH:14
FNDA:18,Select
FNDA:9,(anonymous_1)
FNDA:27,(anonymous_2)
FNDA:13,(anonymous_3)
FNDA:12,(anonymous_4)
FNDA:51,(anonymous_5)
FNDA:43,(anonymous_6)
FNDA:1,(anonymous_7)
FNDA:0,(anonymous_8)
FNDA:0,(anonymous_9)
FNDA:0,(anonymous_10)
FNDA:0,(anonymous_11)
FNDA:3,(anonymous_12)
FNDA:3,(anonymous_13)
FNDA:2,(anonymous_14)
FNDA:0,(anonymous_15)
FNDA:4,(anonymous_16)
FNDA:43,(anonymous_17)
FNDA:1,(anonymous_18)
DA:30,18
DA:31,18
DA:32,18
DA:33,18
DA:34,18
DA:37,18
DA:38,27
DA:42,18
DA:43,13
DA:44,12
DA:50,18
DA:51,51
DA:53,43
DA:55,18
DA:56,1
DA:57,0
DA:58,0
DA:60,0
DA:62,1
DA:63,1
DA:64,1
DA:68,18
DA:69,0
DA:70,0
DA:73,18
DA:74,0
DA:75,0
DA:79,18
DA:83,18
DA:94,3
DA:95,3
DA:96,3
DA:121,2
DA:129,0
DA:184,4
DA:200,43
DA:201,43
DA:208,1
LF:38
LH:30
BRDA:16,0,0,18
BRDA:19,1,0,18
BRDA:20,2,0,18
BRDA:21,3,0,18
BRDA:25,4,0,18
BRDA:26,5,0,18
BRDA:31,6,0,18
BRDA:31,6,1,17
BRDA:38,7,0,0
BRDA:38,7,1,27
BRDA:43,8,0,4
BRDA:43,8,1,9
BRDA:50,9,0,1
BRDA:50,9,1,16
BRDA:50,10,0,1
BRDA:50,10,1,0
BRDA:50,11,0,1
BRDA:50,11,1,15
BRDA:56,12,0,0
BRDA:56,12,1,1
BRDA:57,13,0,0
BRDA:57,13,1,0
BRDA:75,14,0,0
BRDA:75,14,1,0
BRDA:79,15,0,15
BRDA:79,15,1,2
BRDA:80,16,0,1
BRDA:80,16,1,1
BRDA:85,17,0,18
BRDA:85,17,1,2
BRDA:95,18,0,3
BRDA:95,18,1,0
BRDA:96,19,0,0
BRDA:96,19,1,3
BRDA:113,20,0,18
BRDA:113,20,1,1
BRDA:114,21,0,18
BRDA:114,21,1,7
BRDA:118,22,0,1
BRDA:118,22,1,16
BRDA:118,23,0,18
BRDA:118,23,1,1
BRDA:139,24,0,16
BRDA:139,24,1,15
BRDA:140,25,0,16
BRDA:140,25,1,15
BRDA:145,26,0,18
BRDA:145,26,1,0
BRDA:145,26,2,0
BRDA:159,27,0,18
BRDA:159,27,1,7
BRDA:176,28,0,18
BRDA:176,28,1,17
BRDA:196,29,0,0
BRDA:196,29,1,17
BRDA:213,30,0,3
BRDA:213,30,1,40
BRDA:216,31,0,43
BRDA:216,31,1,3
BRDA:220,32,0,2
BRDA:220,32,1,1
BRDA:226,33,0,3
BRDA:226,33,1,2
BRDA:230,34,0,43
BRDA:230,34,1,40
BRDA:230,34,2,1
BRDA:240,35,0,18
BRDA:240,35,1,1
BRDA:240,35,2,1
BRDA:255,36,0,18
BRDA:255,36,1,1
BRDA:258,37,0,18
BRDA:258,37,1,0
BRDA:258,37,2,0
BRF:74
BRH:60
end_of_record
TN:
SF:src\components\ui\Skeleton.jsx
FN:3,Shimmer
FN:14,SkeletonText
FN:17,(anonymous_2)
FN:27,SkeletonRect
FN:31,SkeletonCircle
FN:42,SkeletonKPI
FN:62,SkeletonChart
FN:72,(anonymous_7)
FN:80,SkeletonTableRow
FN:83,(anonymous_9)
FN:95,Skeleton
FNF:11
FNH:3
FNDA:15,Shimmer
FNDA:0,SkeletonText
FNDA:0,(anonymous_2)
FNDA:0,SkeletonRect
FNDA:0,SkeletonCircle
FNDA:0,SkeletonKPI
FNDA:0,SkeletonChart
FNDA:0,(anonymous_7)
FNDA:5,SkeletonTableRow
FNDA:15,(anonymous_9)
FNDA:0,Skeleton
DA:4,15
DA:15,0
DA:18,0
DA:28,0
DA:32,0
DA:43,0
DA:63,0
DA:73,0
DA:81,5
DA:84,15
DA:96,0
DA:104,0
DA:105,0
LF:13
LH:3
BRDA:14,0,0,0
BRDA:20,1,0,0
BRDA:20,1,1,0
BRDA:20,2,0,0
BRDA:20,2,1,0
BRDA:31,3,0,0
BRDA:80,4,0,5
BRDA:86,5,0,5
BRDA:86,5,1,10
BRDA:86,6,0,5
BRDA:86,6,1,5
BRDA:95,7,0,0
BRDA:104,8,0,0
BRDA:104,8,1,0
BRF:14
BRH:5
end_of_record
TN:
SF:src\components\ui\Table.jsx
FN:22,Table
FN:40,(anonymous_1)
FN:44,(anonymous_2)
FN:45,(anonymous_3)
FN:47,(anonymous_4)
FN:55,(anonymous_5)
FN:61,(anonymous_6)
FN:105,(anonymous_7)
FN:112,(anonymous_8)
FN:125,(anonymous_9)
FN:145,(anonymous_10)
FN:165,(anonymous_11)
FN:170,(anonymous_12)
FN:184,(anonymous_13)
FN:190,(anonymous_14)
FN:196,(anonymous_15)
FN:220,SortIcon
FN:245,TableMobileCard
FN:256,(anonymous_18)
FN:265,(anonymous_19)
FNF:20
FNH:16
FNDA:9,Table
FNDA:14,(anonymous_1)
FNDA:7,(anonymous_2)
FNDA:14,(anonymous_3)
FNDA:1,(anonymous_4)
FNDA:0,(anonymous_5)
FNDA:1,(anonymous_6)
FNDA:2,(anonymous_7)
FNDA:28,(anonymous_8)
FNDA:1,(anonymous_9)
FNDA:5,(anonymous_10)
FNDA:14,(anonymous_11)
FNDA:1,(anonymous_12)
FNDA:0,(anonymous_13)
FNDA:0,(anonymous_14)
FNDA:44,(anonymous_15)
FNDA:9,SortIcon
FNDA:2,TableMobileCard
FNDA:0,(anonymous_18)
FNDA:6,(anonymous_19)
DA:22,1
DA:39,9
DA:40,14
DA:41,9
DA:44,9
DA:45,14
DA:47,9
DA:48,1
DA:49,0
DA:51,1
DA:55,9
DA:56,0
DA:57,0
DA:58,0
DA:61,9
DA:62,1
DA:64,1
DA:67,1
DA:70,9
DA:76,9
DA:82,9
DA:83,9
DA:85,9
DA:105,2
DA:113,28
DA:125,1
DA:146,5
DA:166,14
DA:167,14
DA:170,1
DA:184,0
DA:190,0
DA:197,44
DA:221,9
DA:222,8
DA:224,1
DA:252,2
DA:256,0
DA:266,6
DA:267,6
DA:268,6
LF:41
LH:34
BRDA:24,0,0,9
BRDA:25,1,0,9
BRDA:26,2,0,9
BRDA:31,3,0,9
BRDA:32,4,0,9
BRDA:33,5,0,9
BRDA:42,6,0,0
BRDA:42,6,1,9
BRDA:42,7,0,9
BRDA:42,7,1,8
BRDA:44,8,0,9
BRDA:44,8,1,7
BRDA:45,9,0,9
BRDA:45,9,1,9
BRDA:48,10,0,0
BRDA:48,10,1,1
BRDA:57,11,0,0
BRDA:57,11,1,0
BRDA:62,12,0,0
BRDA:62,12,1,1
BRDA:62,13,0,1
BRDA:62,13,1,1
BRDA:64,14,0,1
BRDA:64,14,1,0
BRDA:65,15,0,1
BRDA:65,15,1,0
BRDA:82,16,0,0
BRDA:82,16,1,9
BRDA:83,17,0,0
BRDA:83,17,1,9
BRDA:99,18,0,9
BRDA:99,18,1,1
BRDA:105,19,0,1
BRDA:105,19,1,1
BRDA:116,20,0,0
BRDA:116,20,1,28
BRDA:116,21,0,28
BRDA:116,21,1,0
BRDA:120,22,0,28
BRDA:120,22,1,28
BRDA:121,23,0,28
BRDA:121,23,1,0
BRDA:122,24,0,28
BRDA:122,24,1,9
BRDA:123,25,0,28
BRDA:123,25,1,0
BRDA:127,26,0,1
BRDA:127,26,1,27
BRDA:128,27,0,1
BRDA:128,27,1,0
BRDA:129,28,0,8
BRDA:129,28,1,19
BRDA:134,29,0,28
BRDA:134,29,1,9
BRDA:144,30,0,1
BRDA:144,30,1,8
BRDA:147,31,0,0
BRDA:147,31,1,5
BRDA:148,32,0,0
BRDA:148,32,1,5
BRDA:152,33,0,1
BRDA:152,33,1,7
BRDA:154,34,0,0
BRDA:154,34,1,1
BRDA:155,35,0,1
BRDA:155,35,1,1
BRDA:170,36,0,1
BRDA:170,36,1,12
BRDA:171,37,0,14
BRDA:171,37,1,14
BRDA:174,38,0,14
BRDA:174,38,1,2
BRDA:175,39,0,14
BRDA:175,39,1,14
BRDA:175,39,2,14
BRDA:176,40,0,14
BRDA:176,40,1,0
BRDA:176,40,2,0
BRDA:176,40,3,0
BRDA:177,41,0,14
BRDA:177,41,1,0
BRDA:181,42,0,14
BRDA:181,42,1,2
BRDA:202,43,0,44
BRDA:202,43,1,44
BRDA:203,44,0,44
BRDA:203,44,1,0
BRDA:206,45,0,2
BRDA:206,45,1,42
BRDA:221,46,0,8
BRDA:221,46,1,1
BRDA:221,47,0,9
BRDA:221,47,1,1
BRDA:224,48,0,1
BRDA:224,48,1,0
BRDA:247,49,0,2
BRDA:249,50,0,2
BRDA:254,51,0,1
BRDA:254,51,1,1
BRDA:255,52,0,1
BRDA:255,52,1,1
BRDA:256,53,0,0
BRDA:256,53,1,1
BRDA:256,54,0,0
BRDA:256,54,1,0
BRDA:256,54,2,0
BRDA:260,55,0,2
BRDA:260,55,1,1
BRDA:261,56,0,2
BRDA:261,56,1,0
BRDA:266,57,0,0
BRDA:266,57,1,6
BRDA:267,58,0,0
BRDA:267,58,1,6
BRDA:267,59,0,6
BRDA:267,59,1,6
BRDA:273,60,0,6
BRDA:273,60,1,4
BRDA:276,61,0,6
BRDA:276,61,1,6
BRDA:281,62,0,6
BRDA:281,62,1,0
BRF:122
BRH:91
end_of_record
TN:
SF:src\features\ads-library\AddNewAdPage.jsx
FN:33,(anonymous_0)
FN:49,FieldError
FN:54,Label
FN:63,Card
FN:77,CompetitorCombobox
FN:82,(anonymous_5)
FN:86,(anonymous_6)
FN:87,handleClick
FN:91,(anonymous_8)
FN:94,(anonymous_9)
FN:105,(anonymous_10)
FN:106,(anonymous_11)
FN:116,(anonymous_12)
FN:120,(anonymous_13)
FN:135,PlatformChips
FN:136,(anonymous_15)
FN:137,(anonymous_16)
FN:141,(anonymous_17)
FN:147,(anonymous_18)
FN:166,TagsInput
FN:169,(anonymous_20)
FN:175,(anonymous_21)
FN:175,(anonymous_22)
FN:177,(anonymous_23)
FN:182,(anonymous_24)
FN:190,(anonymous_25)
FN:193,(anonymous_26)
FN:201,(anonymous_27)
FN:203,(anonymous_28)
FN:210,(anonymous_29)
FN:214,(anonymous_30)
FN:227,DateField
FN:234,(anonymous_32)
FN:239,(anonymous_33)
FN:250,fmtBytes
FN:257,ScreenshotCard
FN:264,(anonymous_36)
FN:274,(anonymous_37)
FN:292,(anonymous_38)
FN:299,(anonymous_39)
FN:307,(anonymous_40)
FN:320,(anonymous_41)
FN:321,(anonymous_42)
FN:323,(anonymous_43)
FN:376,(anonymous_44)
FN:403,(anonymous_45)
FN:403,(anonymous_46)
FN:438,AddNewAdPage
FN:469,(anonymous_48)
FN:486,(anonymous_49)
FN:497,(anonymous_50)
FN:516,(anonymous_51)
FN:536,(anonymous_52)
FN:537,(anonymous_53)
FN:553,(anonymous_54)
FN:571,(anonymous_55)
FN:706,(anonymous_56)
FN:718,(anonymous_57)
FN:724,(anonymous_58)
FNF:59
FNH:37
FNDA:8,(anonymous_0)
FNDA:873,FieldError
FNDA:1164,Label
FNDA:197,Card
FNDA:123,CompetitorCombobox
FNDA:123,(anonymous_5)
FNDA:6,(anonymous_6)
FNDA:15,handleClick
FNDA:6,(anonymous_8)
FNDA:2,(anonymous_9)
FNDA:20,(anonymous_10)
FNDA:2,(anonymous_11)
FNDA:22,(anonymous_12)
FNDA:2,(anonymous_13)
FNDA:97,PlatformChips
FNDA:0,(anonymous_15)
FNDA:0,(anonymous_16)
FNDA:388,(anonymous_17)
FNDA:0,(anonymous_18)
FNDA:97,TagsInput
FNDA:0,(anonymous_20)
FNDA:0,(anonymous_21)
FNDA:0,(anonymous_22)
FNDA:0,(anonymous_23)
FNDA:679,(anonymous_24)
FNDA:0,(anonymous_25)
FNDA:0,(anonymous_26)
FNDA:0,(anonymous_27)
FNDA:0,(anonymous_28)
FNDA:485,(anonymous_29)
FNDA:0,(anonymous_30)
FNDA:291,DateField
FNDA:293,(anonymous_32)
FNDA:2,(anonymous_33)
FNDA:3,fmtBytes
FNDA:100,ScreenshotCard
FNDA:3,(anonymous_36)
FNDA:3,(anonymous_37)
FNDA:0,(anonymous_38)
FNDA:0,(anonymous_39)
FNDA:0,(anonymous_40)
FNDA:0,(anonymous_41)
FNDA:0,(anonymous_42)
FNDA:0,(anonymous_43)
FNDA:3,(anonymous_44)
FNDA:0,(anonymous_45)
FNDA:0,(anonymous_46)
FNDA:97,AddNewAdPage
FNDA:2,(anonymous_48)
FNDA:1,(anonymous_49)
FNDA:1,(anonymous_50)
FNDA:0,(anonymous_51)
FNDA:3,(anonymous_52)
FNDA:3,(anonymous_53)
FNDA:103,(anonymous_54)
FNDA:97,(anonymous_55)
FNDA:97,(anonymous_56)
FNDA:97,(anonymous_57)
FNDA:0,(anonymous_58)
DA:20,1
DA:33,8
DA:37,1
DA:38,1
DA:41,1
DA:50,873
DA:51,10
DA:55,1164
DA:64,197
DA:78,123
DA:79,123
DA:80,123
DA:82,123
DA:83,123
DA:86,123
DA:88,15
DA:90,6
DA:91,6
DA:94,123
DA:95,2
DA:96,2
DA:97,2
DA:100,123
DA:105,20
DA:106,2
DA:117,22
DA:120,2
DA:136,97
DA:137,0
DA:139,97
DA:142,388
DA:143,388
DA:147,0
DA:167,97
DA:169,97
DA:170,0
DA:171,0
DA:172,0
DA:175,97
DA:177,97
DA:178,0
DA:179,0
DA:182,679
DA:184,97
DA:191,0
DA:193,0
DA:201,0
DA:203,0
DA:211,485
DA:214,0
DA:228,291
DA:235,293
DA:239,2
DA:251,3
DA:252,0
DA:253,0
DA:258,100
DA:259,100
DA:260,100
DA:261,100
DA:262,100
DA:264,100
DA:265,3
DA:266,3
DA:267,3
DA:268,3
DA:270,3
DA:271,3
DA:273,3
DA:274,3
DA:275,3
DA:277,3
DA:278,3
DA:279,0
DA:286,0
DA:288,3
DA:292,100
DA:293,0
DA:294,0
DA:295,0
DA:296,0
DA:299,100
DA:300,0
DA:301,0
DA:302,0
DA:303,0
DA:304,0
DA:307,100
DA:308,0
DA:309,0
DA:310,0
DA:311,0
DA:314,100
DA:320,0
DA:321,0
DA:323,0
DA:376,3
DA:403,0
DA:439,97
DA:440,97
DA:441,97
DA:443,97
DA:444,97
DA:453,97
DA:463,97
DA:464,97
DA:465,97
DA:466,97
DA:467,97
DA:469,97
DA:470,2
DA:471,2
DA:472,2
DA:473,2
DA:474,2
DA:475,2
DA:476,2
DA:477,2
DA:478,2
DA:479,2
DA:480,2
DA:481,2
DA:482,2
DA:483,2
DA:485,2
DA:487,1
DA:488,1
DA:489,0
DA:490,0
DA:492,0
DA:495,1
DA:497,1
DA:501,97
DA:516,0
DA:536,3
DA:537,3
DA:554,103
DA:572,97
DA:707,97
DA:719,97
DA:724,0
LF:141
LH:103
BRDA:50,0,0,863
BRDA:50,0,1,10
BRDA:58,1,0,1164
BRDA:58,1,1,388
BRDA:66,2,0,197
BRDA:66,2,1,197
BRDA:78,3,0,123
BRDA:78,3,1,23
BRDA:88,4,0,11
BRDA:88,4,1,4
BRDA:109,5,0,123
BRDA:109,5,1,3
BRDA:111,6,0,123
BRDA:111,6,1,22
BRDA:113,7,0,0
BRDA:113,7,1,22
BRDA:124,8,0,22
BRDA:124,8,1,0
BRDA:137,9,0,0
BRDA:137,9,1,0
BRDA:150,10,0,194
BRDA:150,10,1,194
BRDA:155,11,0,388
BRDA:155,11,1,194
BRDA:160,12,0,97
BRDA:160,12,1,0
BRDA:166,13,0,97
BRDA:171,14,0,0
BRDA:171,14,1,0
BRDA:171,15,0,0
BRDA:171,15,1,0
BRDA:178,16,0,0
BRDA:178,16,1,0
BRDA:178,17,0,0
BRDA:178,17,1,0
BRDA:179,18,0,0
BRDA:179,18,1,0
BRDA:179,19,0,0
BRDA:179,19,1,0
BRDA:179,19,2,0
BRDA:203,20,0,0
BRDA:203,20,1,0
BRDA:204,21,0,97
BRDA:204,21,1,0
BRDA:208,22,0,97
BRDA:208,22,1,97
BRDA:238,23,0,12
BRDA:238,23,1,281
BRDA:238,24,0,12
BRDA:238,24,1,0
BRDA:239,25,0,2
BRDA:239,25,1,0
BRDA:240,26,0,293
BRDA:240,26,1,3
BRDA:251,27,0,3
BRDA:251,27,1,0
BRDA:252,28,0,0
BRDA:252,28,1,0
BRDA:265,29,0,0
BRDA:265,29,1,3
BRDA:267,30,0,0
BRDA:267,30,1,3
BRDA:268,31,0,0
BRDA:268,31,1,3
BRDA:296,32,0,0
BRDA:296,32,1,0
BRDA:311,33,0,0
BRDA:311,33,1,0
BRDA:318,34,0,91
BRDA:318,34,1,9
BRDA:326,35,0,0
BRDA:326,35,1,91
BRDA:328,36,0,3
BRDA:328,36,1,88
BRDA:341,37,0,91
BRDA:341,37,1,3
BRDA:399,38,0,100
BRDA:399,38,1,15
BRDA:407,39,0,15
BRDA:407,39,1,0
BRDA:409,40,0,15
BRDA:409,40,1,0
BRDA:411,41,0,0
BRDA:411,41,1,0
BRDA:441,42,0,97
BRDA:441,42,1,0
BRDA:463,43,0,97
BRDA:463,43,1,6
BRDA:464,44,0,97
BRDA:464,44,1,6
BRDA:465,45,0,97
BRDA:465,45,1,0
BRDA:466,46,0,97
BRDA:466,46,1,0
BRDA:473,47,0,0
BRDA:473,47,1,2
BRDA:474,48,0,0
BRDA:474,48,1,2
BRDA:476,49,0,0
BRDA:476,49,1,2
BRDA:477,50,0,0
BRDA:477,50,1,2
BRDA:479,51,0,0
BRDA:479,51,1,2
BRDA:480,52,0,0
BRDA:480,52,1,2
BRDA:481,53,0,0
BRDA:481,53,1,2
BRDA:482,54,0,0
BRDA:482,54,1,2
BRDA:488,55,0,0
BRDA:488,55,1,1
BRDA:488,56,0,1
BRDA:488,56,1,0
BRDA:522,57,0,97
BRDA:522,57,1,90
BRDA:590,58,0,97
BRDA:590,58,1,1
BRDA:601,59,0,97
BRDA:601,59,1,0
BRDA:611,60,0,3
BRDA:611,60,1,94
BRDA:625,61,0,97
BRDA:625,61,1,3
BRDA:639,62,0,97
BRDA:639,62,1,0
BRDA:649,63,0,97
BRDA:649,63,1,0
BRDA:682,64,0,0
BRDA:682,64,1,97
BRDA:707,65,0,97
BRDA:707,65,1,0
BRDA:727,66,0,0
BRDA:727,66,1,97
BRDA:732,67,0,97
BRDA:732,67,1,0
BRF:136
BRH:78
end_of_record
TN:
SF:src\features\manual-review\ManualReviewPage.jsx
FN:22,fmtDate
FN:45,Card
FN:63,InfoRow
FN:73,RawField
FN:98,AIInsightRow
FN:130,FormLabel
FN:142,SelectInput
FN:144,(anonymous_7)
FN:146,(anonymous_8)
FN:154,ActionBtn
FN:168,StickyActionBar
FN:199,Skeleton
FN:216,(anonymous_12)
FN:218,(anonymous_13)
FN:232,ManualReviewPage
FN:249,(anonymous_15)
FN:269,(anonymous_16)
FN:271,(anonymous_17)
FN:273,(anonymous_18)
FN:276,(anonymous_19)
FN:276,(anonymous_20)
FN:277,(anonymous_21)
FN:281,(anonymous_22)
FN:294,(anonymous_23)
FN:296,(anonymous_24)
FN:302,(anonymous_25)
FN:306,(anonymous_26)
FN:308,(anonymous_27)
FN:310,(anonymous_28)
FN:315,(anonymous_29)
FN:318,(anonymous_30)
FN:322,(anonymous_31)
FN:327,(anonymous_32)
FN:329,(anonymous_33)
FN:330,(anonymous_34)
FN:334,(anonymous_35)
FN:336,(anonymous_36)
FN:383,(anonymous_37)
FN:391,(anonymous_38)
FN:485,(anonymous_39)
FN:494,(anonymous_40)
FN:528,(anonymous_41)
FN:573,(anonymous_42)
FN:617,(anonymous_43)
FN:629,(anonymous_44)
FNF:45
FNH:18
FNDA:30,fmtDate
FNDA:70,Card
FNDA:90,InfoRow
FNDA:30,RawField
FNDA:90,AIInsightRow
FNDA:100,FormLabel
FNDA:60,SelectInput
FNDA:0,(anonymous_7)
FNDA:410,(anonymous_8)
FNDA:50,ActionBtn
FNDA:10,StickyActionBar
FNDA:0,Skeleton
FNDA:0,(anonymous_12)
FNDA:0,(anonymous_13)
FNDA:10,ManualReviewPage
FNDA:5,(anonymous_15)
FNDA:5,(anonymous_16)
FNDA:0,(anonymous_17)
FNDA:0,(anonymous_18)
FNDA:60,(anonymous_19)
FNDA:0,(anonymous_20)
FNDA:0,(anonymous_21)
FNDA:1,(anonymous_22)
FNDA:0,(anonymous_23)
FNDA:0,(anonymous_24)
FNDA:0,(anonymous_25)
FNDA:1,(anonymous_26)
FNDA:0,(anonymous_27)
FNDA:0,(anonymous_28)
FNDA:0,(anonymous_29)
FNDA:0,(anonymous_30)
FNDA:0,(anonymous_31)
FNDA:0,(anonymous_32)
FNDA:0,(anonymous_33)
FNDA:0,(anonymous_34)
FNDA:0,(anonymous_35)
FNDA:0,(anonymous_36)
FNDA:0,(anonymous_37)
FNDA:0,(anonymous_38)
FNDA:90,(anonymous_39)
FNDA:50,(anonymous_40)
FNDA:0,(anonymous_41)
FNDA:0,(anonymous_42)
FNDA:0,(anonymous_43)
FNDA:0,(anonymous_44)
DA:23,30
DA:24,30
DA:27,1
DA:34,1
DA:40,1
DA:41,1
DA:42,1
DA:46,70
DA:64,90
DA:74,30
DA:75,30
DA:86,1
DA:99,90
DA:100,90
DA:101,90
DA:102,90
DA:121,1
DA:131,100
DA:139,1
DA:140,1
DA:143,60
DA:144,0
DA:147,410
DA:155,50
DA:169,10
DA:170,10
DA:200,0
DA:217,0
DA:219,0
DA:233,10
DA:234,10
DA:236,10
DA:237,10
DA:238,10
DA:239,10
DA:241,10
DA:245,10
DA:246,10
DA:249,10
DA:250,5
DA:251,5
DA:252,5
DA:253,5
DA:265,5
DA:269,10
DA:270,5
DA:271,0
DA:272,0
DA:273,0
DA:276,60
DA:277,0
DA:278,0
DA:281,10
DA:294,10
DA:295,0
DA:297,0
DA:298,0
DA:299,0
DA:300,0
DA:302,0
DA:306,10
DA:307,1
DA:309,0
DA:311,0
DA:312,0
DA:313,0
DA:315,0
DA:318,0
DA:322,10
DA:323,0
DA:324,0
DA:327,10
DA:328,0
DA:329,0
DA:330,0
DA:334,10
DA:335,0
DA:336,0
DA:340,10
DA:342,10
DA:343,0
DA:352,10
DA:353,10
DA:354,10
DA:355,10
DA:356,10
DA:358,10
DA:383,0
DA:391,0
DA:486,90
DA:495,50
DA:496,50
DA:497,0
DA:528,0
DA:573,0
DA:617,0
DA:629,0
LF:97
LH:61
BRDA:23,0,0,0
BRDA:23,0,1,30
BRDA:47,1,0,70
BRDA:47,1,1,0
BRDA:47,1,2,70
BRDA:52,2,0,70
BRDA:52,2,1,10
BRDA:63,3,0,90
BRDA:63,4,0,90
BRDA:65,5,0,90
BRDA:65,5,1,0
BRDA:67,6,0,90
BRDA:67,6,1,10
BRDA:67,7,0,90
BRDA:67,7,1,10
BRDA:73,8,0,30
BRDA:74,9,0,0
BRDA:74,9,1,30
BRDA:78,10,0,10
BRDA:78,10,1,20
BRDA:100,11,0,90
BRDA:100,11,1,90
BRDA:105,12,0,90
BRDA:105,12,1,0
BRDA:109,13,0,90
BRDA:109,13,1,90
BRDA:112,14,0,90
BRDA:112,14,1,90
BRDA:134,15,0,100
BRDA:134,15,1,30
BRDA:145,16,0,60
BRDA:145,16,1,60
BRDA:154,17,0,50
BRDA:160,18,0,50
BRDA:160,18,1,50
BRDA:174,19,0,0
BRDA:174,19,1,10
BRDA:250,20,0,0
BRDA:250,20,1,5
BRDA:250,21,0,5
BRDA:250,21,1,5
BRDA:252,22,0,5
BRDA:252,22,1,5
BRDA:254,23,0,5
BRDA:254,23,1,5
BRDA:255,24,0,5
BRDA:255,24,1,5
BRDA:256,25,0,5
BRDA:256,25,1,5
BRDA:257,26,0,5
BRDA:257,26,1,5
BRDA:258,27,0,5
BRDA:258,27,1,5
BRDA:259,28,0,5
BRDA:259,28,1,5
BRDA:260,29,0,5
BRDA:260,29,1,5
BRDA:261,30,0,5
BRDA:261,30,1,5
BRDA:262,31,0,5
BRDA:262,31,1,5
BRDA:270,32,0,5
BRDA:270,32,1,0
BRDA:299,33,0,0
BRDA:299,33,1,0
BRDA:323,34,0,0
BRDA:323,34,1,0
BRDA:340,35,0,0
BRDA:340,35,1,10
BRDA:342,36,0,0
BRDA:342,36,1,10
BRDA:352,37,0,10
BRDA:352,37,1,10
BRDA:352,37,2,0
BRDA:354,38,0,0
BRDA:354,38,1,10
BRDA:354,39,0,10
BRDA:354,39,1,0
BRDA:355,40,0,10
BRDA:355,40,1,0
BRDA:356,41,0,10
BRDA:356,41,1,0
BRDA:408,42,0,0
BRDA:408,42,1,10
BRDA:421,43,0,10
BRDA:421,43,1,0
BRDA:441,44,0,10
BRDA:441,44,1,0
BRDA:441,45,0,10
BRDA:441,45,1,10
BRDA:449,46,0,0
BRDA:449,46,1,10
BRDA:449,47,0,10
BRDA:449,47,1,0
BRDA:456,48,0,10
BRDA:456,48,1,10
BRDA:496,49,0,50
BRDA:496,49,1,0
BRDA:510,50,0,10
BRDA:510,50,1,10
BRDA:637,51,0,10
BRDA:637,51,1,0
BRDA:654,52,0,10
BRDA:654,52,1,0
BRF:104
BRH:77
end_of_record
TN:
SF:src\features\users\UsersPage.jsx
FN:71,Badge
FN:79,Avatar
FN:87,FieldLabel
FN:96,ModalShell
FN:122,(anonymous_4)
FN:138,InviteUserModal
FN:143,(anonymous_6)
FN:149,(anonymous_7)
FN:174,(anonymous_8)
FN:193,(anonymous_9)
FN:195,EditUserModal
FN:207,(anonymous_11)
FN:218,(anonymous_12)
FN:223,(anonymous_13)
FN:247,(anonymous_14)
FN:253,(anonymous_15)
FN:266,(anonymous_16)
FN:272,(anonymous_17)
FN:275,(anonymous_18)
FN:280,(anonymous_19)
FN:285,(anonymous_20)
FN:310,ActionsMenu
FN:311,(anonymous_22)
FN:330,(anonymous_23)
FN:342,(anonymous_24)
FN:350,(anonymous_25)
FN:363,fmtDate
FN:368,fmtRelative
FN:381,UsersPage
FN:394,(anonymous_29)
FN:395,(anonymous_30)
FN:396,(anonymous_31)
FN:399,(anonymous_32)
FN:400,(anonymous_33)
FN:410,(anonymous_34)
FN:412,(anonymous_35)
FN:412,(anonymous_36)
FN:417,(anonymous_37)
FN:420,(anonymous_38)
FN:420,(anonymous_39)
FN:435,(anonymous_40)
FN:481,(anonymous_41)
FN:488,(anonymous_42)
FN:492,(anonymous_43)
FN:497,(anonymous_44)
FN:501,(anonymous_45)
FN:506,(anonymous_46)
FN:524,(anonymous_47)
FN:548,(anonymous_48)
FN:615,(anonymous_49)
FN:622,(anonymous_50)
FN:633,(anonymous_51)
FNF:52
FNH:30
FNDA:334,Badge
FNDA:167,Avatar
FNDA:0,FieldLabel
FNDA:52,ModalShell
FNDA:0,(anonymous_4)
FNDA:26,InviteUserModal
FNDA:0,(anonymous_6)
FNDA:0,(anonymous_7)
FNDA:104,(anonymous_8)
FNDA:10,(anonymous_9)
FNDA:26,EditUserModal
FNDA:5,(anonymous_11)
FNDA:0,(anonymous_12)
FNDA:0,(anonymous_13)
FNDA:104,(anonymous_14)
FNDA:78,(anonymous_15)
FNDA:104,(anonymous_16)
FNDA:260,(anonymous_17)
FNDA:1040,(anonymous_18)
FNDA:0,(anonymous_19)
FNDA:0,(anonymous_20)
FNDA:167,ActionsMenu
FNDA:0,(anonymous_22)
FNDA:0,(anonymous_23)
FNDA:0,(anonymous_24)
FNDA:0,(anonymous_25)
FNDA:181,fmtDate
FNDA:181,fmtRelative
FNDA:24,UsersPage
FNDA:240,(anonymous_29)
FNDA:240,(anonymous_30)
FNDA:240,(anonymous_31)
FNDA:10,(anonymous_32)
FNDA:100,(anonymous_33)
FNDA:0,(anonymous_34)
FNDA:0,(anonymous_35)
FNDA:0,(anonymous_36)
FNDA:0,(anonymous_37)
FNDA:0,(anonymous_38)
FNDA:0,(anonymous_39)
FNDA:0,(anonymous_40)
FNDA:10,(anonymous_41)
FNDA:1,(anonymous_42)
FNDA:96,(anonymous_43)
FNDA:1,(anonymous_44)
FNDA:72,(anonymous_45)
FNDA:1,(anonymous_46)
FNDA:144,(anonymous_47)
FNDA:181,(anonymous_48)
FNDA:0,(anonymous_49)
FNDA:0,(anonymous_50)
FNDA:0,(anonymous_51)
DA:20,1
DA:33,1
DA:34,1
DA:36,1
DA:48,1
DA:52,1
DA:59,1
DA:65,1
DA:72,334
DA:80,167
DA:88,0
DA:97,52
DA:122,0
DA:139,26
DA:143,26
DA:144,0
DA:145,0
DA:146,0
DA:149,26
DA:151,26
DA:174,104
DA:193,10
DA:196,26
DA:207,26
DA:208,5
DA:218,26
DA:219,0
DA:220,0
DA:223,26
DA:225,26
DA:247,104
DA:253,78
DA:267,104
DA:273,260
DA:276,1040
DA:281,0
DA:285,0
DA:311,167
DA:313,167
DA:330,0
DA:342,0
DA:350,0
DA:364,181
DA:365,181
DA:369,181
DA:370,143
DA:371,143
DA:372,143
DA:373,143
DA:374,143
DA:375,143
DA:376,85
DA:382,24
DA:383,24
DA:384,24
DA:385,24
DA:386,24
DA:387,24
DA:388,24
DA:389,24
DA:390,24
DA:393,24
DA:394,240
DA:395,240
DA:396,240
DA:399,24
DA:400,10
DA:401,100
DA:404,100
DA:405,100
DA:406,100
DA:410,24
DA:411,0
DA:412,0
DA:413,0
DA:414,0
DA:417,24
DA:418,0
DA:419,0
DA:420,0
DA:421,0
DA:423,0
DA:424,0
DA:427,24
DA:435,0
DA:481,10
DA:488,1
DA:492,96
DA:497,1
DA:501,72
DA:506,1
DA:525,144
DA:549,181
DA:615,0
DA:622,0
DA:633,0
LF:96
LH:70
BRDA:73,0,0,334
BRDA:73,0,1,0
BRDA:91,1,0,0
BRDA:91,1,1,0
BRDA:96,2,0,52
BRDA:117,3,0,52
BRDA:117,3,1,26
BRDA:165,4,0,26
BRDA:165,4,1,0
BRDA:168,5,0,26
BRDA:168,5,1,0
BRDA:198,6,0,26
BRDA:198,6,1,26
BRDA:199,7,0,26
BRDA:199,7,1,26
BRDA:200,8,0,26
BRDA:200,8,1,26
BRDA:201,9,0,26
BRDA:201,9,1,26
BRDA:208,10,0,0
BRDA:208,10,1,5
BRDA:230,11,0,0
BRDA:230,11,1,26
BRDA:346,12,0,16
BRDA:346,12,1,151
BRDA:364,13,0,0
BRDA:364,13,1,181
BRDA:369,14,0,38
BRDA:369,14,1,143
BRDA:374,15,0,0
BRDA:374,15,1,143
BRDA:375,16,0,58
BRDA:375,16,1,85
BRDA:401,17,0,100
BRDA:401,17,1,20
BRDA:401,17,2,18
BRDA:404,18,0,100
BRDA:404,18,1,10
BRDA:405,19,0,100
BRDA:405,19,1,10
BRDA:406,20,0,100
BRDA:406,20,1,82
BRDA:406,20,2,74
BRDA:411,21,0,0
BRDA:411,21,1,0
BRDA:418,22,0,0
BRDA:418,22,1,0
BRDA:421,23,0,0
BRDA:421,23,1,0
BRDA:421,24,0,0
BRDA:421,24,1,0
BRDA:423,25,0,0
BRDA:423,25,1,0
BRDA:504,26,0,24
BRDA:504,26,1,11
BRDA:504,26,2,9
BRDA:504,26,3,17
BRDA:530,27,0,24
BRDA:530,27,1,120
BRDA:530,28,0,24
BRDA:530,28,1,96
BRDA:531,29,0,144
BRDA:531,29,1,24
BRDA:532,30,0,144
BRDA:532,30,1,24
BRDA:541,31,0,0
BRDA:541,31,1,24
BRDA:600,32,0,21
BRDA:600,32,1,3
BRDA:615,33,0,0
BRDA:615,33,1,0
BRDA:622,34,0,0
BRDA:622,34,1,0
BRDA:623,35,0,24
BRDA:623,35,1,24
BRDA:633,36,0,0
BRDA:633,36,1,0
BRDA:634,37,0,0
BRDA:634,37,1,24
BRDA:634,38,0,0
BRDA:634,38,1,0
BRDA:634,39,0,24
BRDA:634,39,1,24
BRDA:635,40,0,0
BRDA:635,40,1,24
BRDA:638,41,0,0
BRDA:638,41,1,24
BRF:87
BRH:56
end_of_record
TN:
SF:src\hooks\useDebounce.js
FN:3,useDebounce
FN:5,(anonymous_1)
FN:6,(anonymous_2)
FN:7,(anonymous_3)
FNF:4
FNH:4
FNDA:24,useDebounce
FNDA:16,(anonymous_1)
FNDA:6,(anonymous_2)
FNDA:16,(anonymous_3)
DA:4,24
DA:5,24
DA:6,16
DA:7,16
DA:9,24
LF:5
LH:5
BRDA:3,0,0,24
BRF:1
BRH:1
end_of_record
TN:
SF:src\lib\confidence.js
FN:3,getConfidenceLevel
FN:9,getConfidenceColor
FN:18,getConfidenceBadgeColor
FNF:3
FNH:3
FNDA:210,getConfidenceLevel
FNDA:4,getConfidenceColor
FNDA:106,getConfidenceBadgeColor
DA:4,210
DA:5,200
DA:6,185
DA:10,4
DA:11,1
DA:12,1
DA:13,1
DA:14,1
DA:19,106
DA:20,8
DA:21,3
DA:22,94
DA:23,1
LF:13
LH:13
BRDA:4,0,0,10
BRDA:4,0,1,200
BRDA:5,1,0,15
BRDA:5,1,1,185
BRDA:10,2,0,1
BRDA:10,2,1,1
BRDA:10,2,2,1
BRDA:10,2,3,1
BRDA:19,3,0,8
BRDA:19,3,1,3
BRDA:19,3,2,94
BRDA:19,3,3,1
BRF:12
BRH:12
end_of_record
TN:
SF:src\lib\constants.js
FNF:0
FNH:0
DA:1,4
DA:6,4
DA:11,4
DA:16,4
DA:19,4
DA:32,4
DA:44,4
DA:54,4
DA:56,4
DA:58,4
LF:10
LH:10
BRF:0
BRH:0
end_of_record
TN:
SF:src\lib\formatters.js
FN:5,formatNumber
FN:10,formatCurrency
FN:20,formatPercent
FN:25,formatCompact
FN:32,formatDate
FN:42,formatDateTime
FN:53,formatRelative
FN:66,truncate
FNF:8
FNH:7
FNDA:3,formatNumber
FNDA:2,formatCurrency
FNDA:3,formatPercent
FNDA:4,formatCompact
FNDA:3,formatDate
FNDA:0,formatDateTime
FNDA:4,formatRelative
FNDA:4,truncate
DA:6,3
DA:7,1
DA:11,2
DA:12,1
DA:21,3
DA:22,2
DA:26,4
DA:27,3
DA:28,2
DA:29,1
DA:33,3
DA:34,1
DA:43,0
DA:44,0
DA:54,4
DA:55,3
DA:56,3
DA:57,3
DA:58,3
DA:59,3
DA:60,2
DA:61,1
DA:62,0
DA:63,0
DA:67,4
DA:68,2
LF:26
LH:22
BRDA:5,0,0,3
BRDA:6,1,0,2
BRDA:6,1,1,1
BRDA:10,2,0,2
BRDA:10,3,0,2
BRDA:11,4,0,1
BRDA:11,4,1,1
BRDA:15,5,0,0
BRDA:15,5,1,1
BRDA:20,6,0,3
BRDA:21,7,0,1
BRDA:21,7,1,2
BRDA:26,8,0,1
BRDA:26,8,1,3
BRDA:27,9,0,1
BRDA:27,9,1,2
BRDA:28,10,0,1
BRDA:28,10,1,1
BRDA:32,11,0,3
BRDA:33,12,0,2
BRDA:33,12,1,1
BRDA:43,13,0,0
BRDA:43,13,1,0
BRDA:54,14,0,1
BRDA:54,14,1,3
BRDA:59,15,0,1
BRDA:59,15,1,2
BRDA:60,16,0,1
BRDA:60,16,1,1
BRDA:61,17,0,1
BRDA:61,17,1,0
BRDA:62,18,0,0
BRDA:62,18,1,0
BRDA:66,19,0,4
BRDA:67,20,0,2
BRDA:67,20,1,2
BRDA:68,21,0,1
BRDA:68,21,1,1
BRF:38
BRH:32
end_of_record
TN:
SF:src\lib\utils.js
FN:4,cn
FNF:1
FNH:1
FNDA:4872,cn
DA:5,4872
LF:1
LH:1
BRF:0
BRH:0
end_of_record
TN:
SF:src\lib\validators.js
FN:5,required
FN:12,minLength
FN:13,(anonymous_2)
FN:19,maxLength
FN:20,(anonymous_4)
FN:26,isEmail
FN:31,isUrl
FN:41,isPositiveNumber
FN:47,inRange
FN:48,(anonymous_9)
FN:57,compose
FN:58,(anonymous_11)
FNF:12
FNH:12
FNDA:9,required
FNDA:3,minLength
FNDA:3,(anonymous_2)
FNDA:2,maxLength
FNDA:2,(anonymous_4)
FNDA:7,isEmail
FNDA:6,isUrl
FNDA:6,isPositiveNumber
FNDA:3,inRange
FNDA:3,(anonymous_9)
FNDA:3,compose
FNDA:3,(anonymous_11)
DA:6,9
DA:7,7
DA:8,4
DA:9,3
DA:13,3
DA:14,3
DA:15,2
DA:20,2
DA:21,2
DA:22,2
DA:27,7
DA:28,5
DA:32,6
DA:33,4
DA:34,4
DA:35,4
DA:37,2
DA:42,6
DA:43,4
DA:44,4
DA:48,3
DA:49,3
DA:50,3
DA:51,3
DA:52,3
DA:53,1
DA:58,3
DA:59,3
DA:60,4
DA:61,4
DA:63,1
LF:31
LH:31
BRDA:6,0,0,2
BRDA:6,0,1,7
BRDA:7,1,0,3
BRDA:7,1,1,4
BRDA:7,2,0,7
BRDA:7,2,1,5
BRDA:8,3,0,1
BRDA:8,3,1,3
BRDA:8,4,0,4
BRDA:8,4,1,2
BRDA:14,5,0,1
BRDA:14,5,1,2
BRDA:15,6,0,1
BRDA:15,6,1,1
BRDA:21,7,0,0
BRDA:21,7,1,2
BRDA:22,8,0,1
BRDA:22,8,1,1
BRDA:27,9,0,2
BRDA:27,9,1,5
BRDA:28,10,0,3
BRDA:28,10,1,2
BRDA:32,11,0,2
BRDA:32,11,1,4
BRDA:42,12,0,2
BRDA:42,12,1,4
BRDA:42,13,0,6
BRDA:42,13,1,5
BRDA:44,14,0,2
BRDA:44,14,1,2
BRDA:44,15,0,4
BRDA:44,15,1,4
BRDA:49,16,0,0
BRDA:49,16,1,3
BRDA:49,17,0,3
BRDA:49,17,1,3
BRDA:51,18,0,0
BRDA:51,18,1,3
BRDA:52,19,0,2
BRDA:52,19,1,1
BRDA:52,20,0,3
BRDA:52,20,1,2
BRDA:61,21,0,2
BRDA:61,21,1,2
BRF:44
BRH:41
end_of_record
TN:
SF:src\store\useUIStore.js
FN:5,(anonymous_0)
FN:9,(anonymous_1)
FN:9,(anonymous_2)
FN:10,(anonymous_3)
FN:10,(anonymous_4)
FN:11,(anonymous_5)
FN:15,(anonymous_6)
FNF:7
FNH:1
FNDA:1,(anonymous_0)
FNDA:0,(anonymous_1)
FNDA:0,(anonymous_2)
FNDA:0,(anonymous_3)
FNDA:0,(anonymous_4)
FNDA:0,(anonymous_5)
FNDA:0,(anonymous_6)
DA:4,1
DA:6,1
DA:9,0
DA:10,0
DA:11,0
DA:15,0
LF:6
LH:2
BRF:0
BRH:0
end_of_record
